Using pre-set license
Built from '2020.3/staging' branch; Version is '2020.3.22f1 (e1a7f79fd887) revision 14788599'; Using compiler version '192528614'; Build Type 'Release'
OS: 'Windows 10 Education; OS build 19044.2728; Version 2009; 64bit' Language: 'ko' Physical Memory: 32694 MB
BatchMode: 1, IsHumanControllingUs: 0, StartBugReporterOnCrash: 0, Is64bit: 1, IsPro: 0

COMMAND LINE ARGUMENTS:
C:\Program Files\Unity\Hub\Editor\2020.3.22f1\Editor\Unity.exe
-adb2
-batchMode
-noUpm
-name
AssetImportWorker0
-projectPath
C:/Users/qazx5024/Documents/UnityProjects/CasualPuzzle
-logFile
Logs/AssetImportWorker0.log
-srvPort
58083
Successfully changed project path to: C:/Users/qazx5024/Documents/UnityProjects/CasualPuzzle
C:/Users/qazx5024/Documents/UnityProjects/CasualPuzzle
Using Asset Import Pipeline V2.
Refreshing native plugins compatible for Editor in 32.23 ms, found 3 plugins.
Preloading 0 native plugins for Editor in 0.00 ms.
Initialize engine version: 2020.3.22f1 (e1a7f79fd887)
[Subsystems] Discovering subsystems at path C:/Program Files/Unity/Hub/Editor/2020.3.22f1/Editor/Data/Resources/UnitySubsystems
[Subsystems] Discovering subsystems at path C:/Users/qazx5024/Documents/UnityProjects/CasualPuzzle/Assets
GfxDevice: creating device client; threaded=0
Direct3D:
    Version:  Direct3D 11.0 [level 11.1]
    Renderer: NVIDIA GeForce GT 1030 (ID=0x1d01)
    Vendor:   
    VRAM:     1982 MB
    Driver:   30.0.14.7141
Initialize mono
Mono path[0] = 'C:/Program Files/Unity/Hub/Editor/2020.3.22f1/Editor/Data/Managed'
Mono path[1] = 'C:/Program Files/Unity/Hub/Editor/2020.3.22f1/Editor/Data/MonoBleedingEdge/lib/mono/unityjit'
Mono config path = 'C:/Program Files/Unity/Hub/Editor/2020.3.22f1/Editor/Data/MonoBleedingEdge/etc'
Using monoOptions --debugger-agent=transport=dt_socket,embedding=1,server=y,suspend=n,address=127.0.0.1:56096
Begin MonoManager ReloadAssembly
Registering precompiled unity dll's ...
Register platform support module: C:/Program Files/Unity/Hub/Editor/2020.3.22f1/Editor/Data/PlaybackEngines/WindowsStandaloneSupport/UnityEditor.WindowsStandalone.Extensions.dll
Registered in 0.001216 seconds.
Native extension for WindowsStandalone target not found
Refreshing native plugins compatible for Editor in 30.17 ms, found 3 plugins.
Preloading 0 native plugins for Editor in 0.00 ms.
Mono: successfully reloaded assembly
- Completed reload, in  1.571 seconds
Domain Reload Profiling:
	ReloadAssembly (1571ms)
		BeginReloadAssembly (34ms)
			ExecutionOrderSort (0ms)
			DisableScriptedObjects (0ms)
			BackupInstance (0ms)
			ReleaseScriptingObjects (0ms)
			CreateAndSetChildDomain (0ms)
		EndReloadAssembly (277ms)
			LoadAssemblies (33ms)
			RebuildTransferFunctionScriptingTraits (0ms)
			SetupTypeCache (84ms)
			ReleaseScriptCaches (0ms)
			RebuildScriptCaches (17ms)
			SetupLoadedEditorAssemblies (114ms)
				LogAssemblyErrors (0ms)
				InitializePlatformSupportModulesInManaged (2ms)
				SetLoadedEditorAssemblies (0ms)
				RefreshPlugins (30ms)
				BeforeProcessingInitializeOnLoad (11ms)
				ProcessInitializeOnLoadAttributes (52ms)
				ProcessInitializeOnLoadMethodAttributes (18ms)
				AfterProcessingInitializeOnLoad (0ms)
				EditorAssembliesLoaded (0ms)
			ExecutionOrderSort2 (0ms)
			AwakeInstancesAfterBackupRestoration (0ms)
Platform modules already initialized, skipping
Registering precompiled user dll's ...
Registered in 0.003904 seconds.
Begin MonoManager ReloadAssembly
Native extension for WindowsStandalone target not found
Refreshing native plugins compatible for Editor in 30.97 ms, found 3 plugins.
Preloading 0 native plugins for Editor in 0.00 ms.
Mono: successfully reloaded assembly
- Completed reload, in  0.685 seconds
Domain Reload Profiling:
	ReloadAssembly (685ms)
		BeginReloadAssembly (86ms)
			ExecutionOrderSort (0ms)
			DisableScriptedObjects (3ms)
			BackupInstance (0ms)
			ReleaseScriptingObjects (0ms)
			CreateAndSetChildDomain (13ms)
		EndReloadAssembly (560ms)
			LoadAssemblies (61ms)
			RebuildTransferFunctionScriptingTraits (0ms)
			SetupTypeCache (175ms)
			ReleaseScriptCaches (0ms)
			RebuildScriptCaches (27ms)
			SetupLoadedEditorAssemblies (226ms)
				LogAssemblyErrors (0ms)
				InitializePlatformSupportModulesInManaged (2ms)
				SetLoadedEditorAssemblies (0ms)
				RefreshPlugins (31ms)
				BeforeProcessingInitializeOnLoad (53ms)
				ProcessInitializeOnLoadAttributes (124ms)
				ProcessInitializeOnLoadMethodAttributes (11ms)
				AfterProcessingInitializeOnLoad (4ms)
				EditorAssembliesLoaded (0ms)
			ExecutionOrderSort2 (0ms)
			AwakeInstancesAfterBackupRestoration (4ms)
Platform modules already initialized, skipping
========================================================================
Worker process is ready to serve import requests
Launched and connected shader compiler UnityShaderCompiler.exe after 0.03 seconds
Refreshing native plugins compatible for Editor in 0.50 ms, found 3 plugins.
Preloading 0 native plugins for Editor in 0.00 ms.
Unloading 2300 Unused Serialized files (Serialized files now loaded: 0)
System memory in use before: 98.8 MB.
System memory in use after: 98.9 MB.

Unloading 31 unused Assets to reduce memory usage. Loaded Objects now: 2736.
Total: 2.383000 ms (FindLiveObjects: 0.181500 ms CreateObjectMapping: 0.053600 ms MarkObjects: 2.094200 ms  DeleteObjects: 0.053000 ms)

AssetImportParameters requested are different than current active one (requested -> active):
  custom:framework-win-MediaFoundation: 216162199b28c13a410421893ffa2e32 -> 
  custom:video-decoder-ogg-theora: a1e56fd34408186e4bbccfd4996cb3dc -> 
  custom:container-muxer-webm: aa71ff27fc2769a1b78a27578f13a17b -> 
  custom:container-demuxer-webm: 4f35f7cbe854078d1ac9338744f61a02 -> 
  custom:container-demuxer-ogg: 62fdf1f143b41e24485cea50d1cbac27 -> 
  custom:video-encoder-webm-vp8: eb34c28f22e8b96e1ab97ce403110664 -> 
  custom:video-codec-MediaFoundation-h265: 746d11721c4dcdbdad8f713fa42b33f4 -> 
  custom:video-decoder-webm-vp8: 9c59270c3fd7afecdb556c50c9e8de78 -> 
  custom:audio-decoder-ogg-vorbis: bf7c407c2cedff20999df2af8eb42d56 -> 
  custom:audio-encoder-webm-vorbis: bf7c407c2cedff20999df2af8eb42d56 -> 
========================================================================
Received Import Request.
  path: Assets/JMO Assets
  artifactKey: Guid(561f6b7141e680d42b32e2caff9191b4) Importer(815301076,1909f56bfc062723c751e8b465ee728b)
Start importing Assets/JMO Assets using Guid(561f6b7141e680d42b32e2caff9191b4) Importer(815301076,1909f56bfc062723c751e8b465ee728b)  -> (artifact id: 'fcc4266306180bc23c8a0086459cf7c0') in 0.007594 seconds 
  Import took 0.010404 seconds .

========================================================================
Received Import Request.
  Time since last request: 36.425105 seconds.
  path: Assets/02.Scripts/Initializer
  artifactKey: Guid(6d39faa9721026044afad406f7c3b4c5) Importer(815301076,1909f56bfc062723c751e8b465ee728b)
Start importing Assets/02.Scripts/Initializer using Guid(6d39faa9721026044afad406f7c3b4c5) Importer(815301076,1909f56bfc062723c751e8b465ee728b)  -> (artifact id: '59e0072f1cd075196624429995c8be85') in 0.005382 seconds 
  Import took 0.008148 seconds .

========================================================================
Received Import Request.
  Time since last request: 0.562531 seconds.
  path: Assets/02.Scripts/Initializer/UIInitializer.cs
  artifactKey: Guid(89b3fbd571387784e85cb90d6f8e274f) Importer(815301076,1909f56bfc062723c751e8b465ee728b)
Start importing Assets/02.Scripts/Initializer/UIInitializer.cs using Guid(89b3fbd571387784e85cb90d6f8e274f) Importer(815301076,1909f56bfc062723c751e8b465ee728b)  -> (artifact id: 'f3e5af24c50e42a919a6b8d9b1840255') in 0.023173 seconds 
  Import took 0.026216 seconds .

========================================================================
Received Import Request.
  Time since last request: 9.706796 seconds.
  path: Assets/02.Scripts/Initializer/UIInitializeTarget.cs
  artifactKey: Guid(67aa4b0d3d34d7242a23e4d8e57a3d93) Importer(815301076,1909f56bfc062723c751e8b465ee728b)
Start importing Assets/02.Scripts/Initializer/UIInitializeTarget.cs using Guid(67aa4b0d3d34d7242a23e4d8e57a3d93) Importer(815301076,1909f56bfc062723c751e8b465ee728b)  -> (artifact id: '0cf5a833dbfaabfb0d573bd82caa941a') in 0.005414 seconds 
  Import took 0.008256 seconds .

========================================================================
Received Import Request.
  Time since last request: 5.654547 seconds.
  path: Assets/02.Scripts/AudioManager.cs
  artifactKey: Guid(5b24398929d310d4aa1bfa046f533589) Importer(815301076,1909f56bfc062723c751e8b465ee728b)
Start importing Assets/02.Scripts/AudioManager.cs using Guid(5b24398929d310d4aa1bfa046f533589) Importer(815301076,1909f56bfc062723c751e8b465ee728b)  -> (artifact id: '5eccc684c852d913dcefdce7c8b3b17a') in 0.008515 seconds 
  Import took 0.011546 seconds .

========================================================================
Received Import Request.
  Time since last request: 1.132812 seconds.
  path: Assets/02.Scripts/CustomToggle.cs
  artifactKey: Guid(9881b50d26c77f84fa8fe2fe6d2c02d2) Importer(815301076,1909f56bfc062723c751e8b465ee728b)
Start importing Assets/02.Scripts/CustomToggle.cs using Guid(9881b50d26c77f84fa8fe2fe6d2c02d2) Importer(815301076,1909f56bfc062723c751e8b465ee728b)  -> (artifact id: 'e094e53ca62fbf37c23e0d028ca9b794') in 0.005232 seconds 
  Import took 0.008114 seconds .

========================================================================
Received Import Request.
  Time since last request: 1.195267 seconds.
  path: Assets/02.Scripts/GameManager.cs
  artifactKey: Guid(0e34f79a1bb69874e8f0b17a97226d61) Importer(815301076,1909f56bfc062723c751e8b465ee728b)
Start importing Assets/02.Scripts/GameManager.cs using Guid(0e34f79a1bb69874e8f0b17a97226d61) Importer(815301076,1909f56bfc062723c751e8b465ee728b)  -> (artifact id: 'e4a404fa9bcbebd14ae1526c55040e77') in 0.005390 seconds 
  Import took 0.008271 seconds .

========================================================================
Received Import Request.
  Time since last request: 2.264232 seconds.
  path: Assets/02.Scripts/LetterBox.cs
  artifactKey: Guid(fb7a3baa3b9d39e47a587fbb3d301b69) Importer(815301076,1909f56bfc062723c751e8b465ee728b)
Start importing Assets/02.Scripts/LetterBox.cs using Guid(fb7a3baa3b9d39e47a587fbb3d301b69) Importer(815301076,1909f56bfc062723c751e8b465ee728b)  -> (artifact id: '146dfd8f17a6f55a92c0d39e46a7729f') in 0.005141 seconds 
  Import took 0.007855 seconds .

========================================================================
Received Import Request.
  Time since last request: 2.559194 seconds.
  path: Assets/02.Scripts/PoolingManager.cs
  artifactKey: Guid(1592c31a9f3fde948871a2c9444984fa) Importer(815301076,1909f56bfc062723c751e8b465ee728b)
Start importing Assets/02.Scripts/PoolingManager.cs using Guid(1592c31a9f3fde948871a2c9444984fa) Importer(815301076,1909f56bfc062723c751e8b465ee728b)  -> (artifact id: 'f63dbe611a5bdc4d8fbe49fd1772a9ce') in 0.005293 seconds 
  Import took 0.008130 seconds .

========================================================================
Received Import Request.
  Time since last request: 1.670075 seconds.
  path: Assets/02.Scripts/ScoreManager.cs
  artifactKey: Guid(0f51af7a760605a4784d691d7ec0e7e7) Importer(815301076,1909f56bfc062723c751e8b465ee728b)
Start importing Assets/02.Scripts/ScoreManager.cs using Guid(0f51af7a760605a4784d691d7ec0e7e7) Importer(815301076,1909f56bfc062723c751e8b465ee728b)  -> (artifact id: '53f8d970df33b84033d1ebd351cb5f7d') in 0.006295 seconds 
  Import took 0.009157 seconds .

========================================================================
Received Import Request.
  Time since last request: 0.916838 seconds.
  path: Assets/02.Scripts/SettingsSO.cs
  artifactKey: Guid(ade86671ec3b2bb418789b9e5d023b68) Importer(815301076,1909f56bfc062723c751e8b465ee728b)
Start importing Assets/02.Scripts/SettingsSO.cs using Guid(ade86671ec3b2bb418789b9e5d023b68) Importer(815301076,1909f56bfc062723c751e8b465ee728b)  -> (artifact id: '3e47e90aa06e1eed2b7d89e77b9e6789') in 0.005338 seconds 
  Import took 0.008158 seconds .

========================================================================
Received Import Request.
  Time since last request: 1.005634 seconds.
  path: Assets/02.Scripts/SettingsUI.cs
  artifactKey: Guid(019b70f0bac5aa745b3e9b1c9495737e) Importer(815301076,1909f56bfc062723c751e8b465ee728b)
Start importing Assets/02.Scripts/SettingsUI.cs using Guid(019b70f0bac5aa745b3e9b1c9495737e) Importer(815301076,1909f56bfc062723c751e8b465ee728b)  -> (artifact id: '4a260506afaae749ef82fb9f6c8fc428') in 0.005264 seconds 
  Import took 0.008203 seconds .

========================================================================
Received Import Request.
  Time since last request: 0.473766 seconds.
  path: Assets/02.Scripts/Slot.cs
  artifactKey: Guid(33c06c49e9792774899ee36ad1736c9c) Importer(815301076,1909f56bfc062723c751e8b465ee728b)
Start importing Assets/02.Scripts/Slot.cs using Guid(33c06c49e9792774899ee36ad1736c9c) Importer(815301076,1909f56bfc062723c751e8b465ee728b)  -> (artifact id: 'f73d2455a38bc7dd29534af51098e02d') in 0.005272 seconds 
  Import took 0.008005 seconds .

========================================================================
Received Import Request.
  Time since last request: 0.947899 seconds.
  path: Assets/02.Scripts/SlotManager.cs
  artifactKey: Guid(70f4ca6545cace84491de7b66bad539c) Importer(815301076,1909f56bfc062723c751e8b465ee728b)
Start importing Assets/02.Scripts/SlotManager.cs using Guid(70f4ca6545cace84491de7b66bad539c) Importer(815301076,1909f56bfc062723c751e8b465ee728b)  -> (artifact id: 'e3f1622918e63126952e5de41794dbb3') in 0.005149 seconds 
  Import took 0.007895 seconds .

========================================================================
Received Import Request.
  Time since last request: 11.608026 seconds.
  path: Assets/02.Scripts/Timer.cs
  artifactKey: Guid(35232fbd24ea9bd4e97f8156667474e1) Importer(815301076,1909f56bfc062723c751e8b465ee728b)
Start importing Assets/02.Scripts/Timer.cs using Guid(35232fbd24ea9bd4e97f8156667474e1) Importer(815301076,1909f56bfc062723c751e8b465ee728b)  -> (artifact id: 'cded4477f52451b3fb09c8ce1012c2a1') in 0.005537 seconds 
  Import took 0.008306 seconds .

========================================================================
Received Import Request.
  Time since last request: 1.195560 seconds.
  path: Assets/02.Scripts/ToggleButton.cs
  artifactKey: Guid(bf29b9048140bed43a70f6f0011b37bc) Importer(815301076,1909f56bfc062723c751e8b465ee728b)
Start importing Assets/02.Scripts/ToggleButton.cs using Guid(bf29b9048140bed43a70f6f0011b37bc) Importer(815301076,1909f56bfc062723c751e8b465ee728b)  -> (artifact id: '465ed6bbe0c0c73dc3cbd48c568815a5') in 0.005248 seconds 
  Import took 0.008016 seconds .

========================================================================
Received Import Request.
  Time since last request: 13.049268 seconds.
  path: Assets/01.Scenes/MainScene.unity
  artifactKey: Guid(2cda990e2423bbf4892e6590ba056729) Importer(815301076,1909f56bfc062723c751e8b465ee728b)
Start importing Assets/01.Scenes/MainScene.unity using Guid(2cda990e2423bbf4892e6590ba056729) Importer(815301076,1909f56bfc062723c751e8b465ee728b)  -> (artifact id: 'f08f97a39599684e82aa13568fb30898') in 0.012146 seconds 
  Import took 0.015023 seconds .

AssetImportWorkerClient::OnTransportError - code=2 error=End of file
